12:16:23.526 [Daemon Thread 3] INFO  o.a.AndroidAnnotationProcessor:84 - Initialize AndroidAnnotations 3.1 with options {androidManifestFile=/home/gaidamak/AndroidStudioProjects/MathCatalog/app/build/intermediates/manifests/full/debug/AndroidManifest.xml, resourcePackageName=com.example.gaidamak.helper}
12:16:23.637 [Daemon Thread 3] INFO  o.a.AndroidAnnotationProcessor:108 - Start processing for 6 annotations on 22 elements
12:16:23.646 [Daemon Thread 3] DEBUG o.a.h.AndroidManifestFinder:98 - AndroidManifest.xml file found with specified path: /home/gaidamak/AndroidStudioProjects/MathCatalog/app/build/intermediates/manifests/full/debug/AndroidManifest.xml
12:16:23.652 [Daemon Thread 3] INFO  o.a.AndroidAnnotationProcessor:171 - AndroidManifest.xml found: AndroidManifest [applicationPackage=com.example.gaidamak.helper, componentQualifiedNames=[com.example.gaidamak.helper.MainActivity, com.example.gaidamak.helper.provider.MathProvider], permissionQualifiedNames=[], applicationClassName=null, libraryProject=false, debugabble=false, minSdkVersion=15, maxSdkVersion=-1, targetSdkVersion=21]
12:16:23.653 [Daemon Thread 3] INFO  o.a.r.ProjectRClassFinder:50 - Found project R class: com.example.gaidamak.helper.R
12:16:23.657 [Daemon Thread 3] INFO  o.a.r.AndroidRClassFinder:44 - Found Android class: android.R
12:16:23.681 [Daemon Thread 3] INFO  o.a.p.ModelValidator:42 - Validating elements
12:16:23.682 [Daemon Thread 3] DEBUG o.a.p.ModelValidator:62 - Validating with EFragmentHandler: [com.example.gaidamak.helper.EditTermFragment, com.example.gaidamak.helper.MathListFragment, com.example.gaidamak.helper.ViewTermFragment]
12:16:23.685 [Daemon Thread 3] DEBUG o.a.p.ModelValidator:62 - Validating with ViewByIdHandler: [titleTextView, urlTextView, formulaTextView, descriptionTextView, tagsTextView, listView, formulaTextView, urlTextView, descriptionTextView, tagsTextView]
12:16:23.691 [Daemon Thread 3] DEBUG o.a.p.ModelValidator:62 - Validating with FragmentArgHandler: [termId, termId]
12:16:23.692 [Daemon Thread 3] DEBUG o.a.p.ModelValidator:62 - Validating with OptionsMenuHandler: [com.example.gaidamak.helper.EditTermFragment, com.example.gaidamak.helper.MathListFragment, com.example.gaidamak.helper.ViewTermFragment]
12:16:23.695 [Daemon Thread 3] DEBUG o.a.p.ModelValidator:62 - Validating with OptionsItemHandler: [save(), cancel(), addItem(), edit()]
12:16:23.698 [Daemon Thread 3] DEBUG o.a.p.ModelValidator:62 - Validating with AfterViewsHandler: [initViews(), initViews()]
12:16:23.709 [Daemon Thread 3] INFO  o.a.p.ModelProcessor:69 - Processing root elements
12:16:23.710 [Daemon Thread 3] DEBUG o.a.p.ModelProcessor:160 - Processing root elements EFragmentHandler: [com.example.gaidamak.helper.MathListFragment, com.example.gaidamak.helper.ViewTermFragment, com.example.gaidamak.helper.EditTermFragment]
12:16:23.736 [Daemon Thread 3] INFO  o.a.p.ModelProcessor:77 - Processing enclosed elements
12:16:23.746 [Daemon Thread 3] INFO  o.a.AndroidAnnotationProcessor:250 - Number of files generated by AndroidAnnotations: 3
12:16:23.748 [Daemon Thread 3] INFO  o.a.g.ApiCodeGenerator:52 - Writting following API classes in project: []
12:16:23.751 [Daemon Thread 3] DEBUG o.a.g.SourceCodewriter:55 - Generating class: com.example.gaidamak.helper.EditTermFragment_
12:16:23.772 [Daemon Thread 3] DEBUG o.a.g.SourceCodewriter:55 - Generating class: com.example.gaidamak.helper.MathListFragment_
12:16:23.784 [Daemon Thread 3] DEBUG o.a.g.SourceCodewriter:55 - Generating class: com.example.gaidamak.helper.ViewTermFragment_
12:16:23.800 [Daemon Thread 3] INFO  o.a.p.TimeStats:81 - Time measurements: [Whole Processing = 163 ms], [Generate Sources = 54 ms], [Process Annotations = 47 ms], [Find R Classes = 19 ms], [Validate Annotations = 18 ms], [Extract Annotations = 7 ms], [Extract Manifest = 7 ms], 
12:16:23.801 [Daemon Thread 3] INFO  o.a.AndroidAnnotationProcessor:122 - Finish processing
